Arguments: 
  /Users/ruifreitas/.nvm/versions/node/v13.0.1/bin/node /usr/local/Cellar/yarn/1.19.1/libexec/bin/yarn.js add tailwindcs

PATH: 
  ./bin:./node_modules/.bin:/Users/ruifreitas/.rbenv/shims:/Users/ruifreitas/.rbenv/bin:/Users/ruifreitas/.nvm/versions/node/v13.0.1/bin:/usr/local/bin:/usr/bin:/bin:/usr/sbin:/sbin:/usr/local/sbin:/Users/ruifreitas/.cake/bin

Yarn version: 
  1.19.1

Node version: 
  13.0.1

Platform: 
  darwin x64

Trace: 
  Error: https://registry.yarnpkg.com/tailwindcs: Not found
      at Request.params.callback [as _callback] (/usr/local/Cellar/yarn/1.19.1/libexec/lib/cli.js:66926:18)
      at Request.self.callback (/usr/local/Cellar/yarn/1.19.1/libexec/lib/cli.js:140564:22)
      at Request.emit (events.js:210:5)
      at Request.<anonymous> (/usr/local/Cellar/yarn/1.19.1/libexec/lib/cli.js:141536:10)
      at Request.emit (events.js:210:5)
      at IncomingMessage.<anonymous> (/usr/local/Cellar/yarn/1.19.1/libexec/lib/cli.js:141458:12)
      at Object.onceWrapper (events.js:299:28)
      at IncomingMessage.emit (events.js:215:7)
      at endReadableNT (_stream_readable.js:1198:12)
      at processTicksAndRejections (internal/process/task_queues.js:80:21)

npm manifest: 
  {
    "repository": {},
    "license": "MIT",
    "scripts": {
      "deploy": "webpack --mode production",
      "watch": "webpack --mode development --watch"
    },
    "dependencies": {
      "phoenix": "file:../deps/phoenix",
      "phoenix_html": "file:../deps/phoenix_html"
    },
    "devDependencies": {
      "@babel/core": "^7.0.0",
      "@babel/preset-env": "^7.0.0",
      "babel-loader": "^8.0.0",
      "copy-webpack-plugin": "^4.5.0",
      "css-loader": "^2.1.1",
      "mini-css-extract-plugin": "^0.4.0",
      "optimize-css-assets-webpack-plugin": "^4.0.0",
      "uglifyjs-webpack-plugin": "^1.2.4",
      "webpack": "4.4.0",
      "webpack-cli": "^2.0.10"
    }
  }

yarn manifest: 
  No manifest

Lockfile: 
  No lockfile
